<?xml version="1.0" encoding="UTF-8"?>
<!-- Generated by org.testng.reporters.JUnitXMLReporter -->
<testsuite ignored="0" hostname="LAPTOP-8OHOJ139" failures="0" tests="3" name="Default test" time="0.045" errors="0" timestamp="21 Nov 2022 15:53:08 GMT">
  <testcase classname="stepDefinition.TestNgBasics" name="Login" time="0.005"/>
  <testcase classname="stepDefinition.TestNgBasics" name="Login1" time="0.002"/>
  <testcase classname="stepDefinition.TestNgBasics" name="Login2" time="0.002"/>
</testsuite> <!-- Default test -->
