<?xml version="1.0" encoding="UTF-8"?>
<testng-results ignored="0" total="3" passed="3" failed="0" skipped="0">
  <reporter-output>
  </reporter-output>
  <suite started-at="2022-11-21T15:53:08Z" name="Default suite" finished-at="2022-11-21T15:53:08Z" duration-ms="45">
    <groups>
    </groups>
    <test started-at="2022-11-21T15:53:08Z" name="Default test" finished-at="2022-11-21T15:53:08Z" duration-ms="45">
      <class name="stepDefinition.TestNgBasics">
        <test-method is-config="true" signature="setup1()[pri:0, instance:stepDefinition.TestNgBasics@4241e0f4]" started-at="2022-11-21T15:53:08Z" name="setup1" finished-at="2022-11-21T15:53:08Z" duration-ms="13" status="PASS">
          <reporter-output>
          </reporter-output>
        </test-method> <!-- setup1 -->
        <test-method is-config="true" signature="BeforeTest()[pri:0, instance:stepDefinition.TestNgBasics@4241e0f4]" started-at="2022-11-21T15:53:08Z" name="BeforeTest" finished-at="2022-11-21T15:53:08Z" duration-ms="0" status="PASS">
          <reporter-output>
          </reporter-output>
        </test-method> <!-- BeforeTest -->
        <test-method is-config="true" signature="LaunchBrowser()[pri:0, instance:stepDefinition.TestNgBasics@4241e0f4]" started-at="2022-11-21T15:53:08Z" name="LaunchBrowser" finished-at="2022-11-21T15:53:08Z" duration-ms="0" status="PASS">
          <reporter-output>
          </reporter-output>
        </test-method> <!-- LaunchBrowser -->
        <test-method is-config="true" signature="EnterURL()[pri:0, instance:stepDefinition.TestNgBasics@4241e0f4]" started-at="2022-11-21T15:53:08Z" name="EnterURL" finished-at="2022-11-21T15:53:08Z" duration-ms="1" status="PASS">
          <reporter-output>
          </reporter-output>
        </test-method> <!-- EnterURL -->
        <test-method signature="Login()[pri:0, instance:stepDefinition.TestNgBasics@4241e0f4]" started-at="2022-11-21T15:53:08Z" name="Login" finished-at="2022-11-21T15:53:08Z" duration-ms="5" status="PASS">
          <reporter-output>
          </reporter-output>
        </test-method> <!-- Login -->
        <test-method is-config="true" signature="LogOut()[pri:0, instance:stepDefinition.TestNgBasics@4241e0f4]" started-at="2022-11-21T15:53:08Z" name="LogOut" finished-at="2022-11-21T15:53:08Z" duration-ms="1" status="PASS">
          <reporter-output>
          </reporter-output>
        </test-method> <!-- LogOut -->
        <test-method is-config="true" signature="EnterURL()[pri:0, instance:stepDefinition.TestNgBasics@4241e0f4]" started-at="2022-11-21T15:53:08Z" name="EnterURL" finished-at="2022-11-21T15:53:08Z" duration-ms="0" status="PASS">
          <reporter-output>
          </reporter-output>
        </test-method> <!-- EnterURL -->
        <test-method signature="Login1()[pri:0, instance:stepDefinition.TestNgBasics@4241e0f4]" started-at="2022-11-21T15:53:08Z" name="Login1" finished-at="2022-11-21T15:53:08Z" duration-ms="2" status="PASS">
          <reporter-output>
          </reporter-output>
        </test-method> <!-- Login1 -->
        <test-method is-config="true" signature="LogOut()[pri:0, instance:stepDefinition.TestNgBasics@4241e0f4]" started-at="2022-11-21T15:53:08Z" name="LogOut" finished-at="2022-11-21T15:53:08Z" duration-ms="1" status="PASS">
          <reporter-output>
          </reporter-output>
        </test-method> <!-- LogOut -->
        <test-method is-config="true" signature="EnterURL()[pri:0, instance:stepDefinition.TestNgBasics@4241e0f4]" started-at="2022-11-21T15:53:08Z" name="EnterURL" finished-at="2022-11-21T15:53:08Z" duration-ms="0" status="PASS">
          <reporter-output>
          </reporter-output>
        </test-method> <!-- EnterURL -->
        <test-method signature="Login2()[pri:0, instance:stepDefinition.TestNgBasics@4241e0f4]" started-at="2022-11-21T15:53:08Z" name="Login2" finished-at="2022-11-21T15:53:08Z" duration-ms="2" status="PASS">
          <reporter-output>
          </reporter-output>
        </test-method> <!-- Login2 -->
        <test-method is-config="true" signature="LogOut()[pri:0, instance:stepDefinition.TestNgBasics@4241e0f4]" started-at="2022-11-21T15:53:08Z" name="LogOut" finished-at="2022-11-21T15:53:08Z" duration-ms="1" status="PASS">
          <reporter-output>
          </reporter-output>
        </test-method> <!-- LogOut -->
        <test-method is-config="true" signature="closeBrowser()[pri:0, instance:stepDefinition.TestNgBasics@4241e0f4]" started-at="2022-11-21T15:53:08Z" name="closeBrowser" finished-at="2022-11-21T15:53:08Z" duration-ms="1" status="PASS">
          <reporter-output>
          </reporter-output>
        </test-method> <!-- closeBrowser -->
        <test-method is-config="true" signature="deleteAllcookies()[pri:0, instance:stepDefinition.TestNgBasics@4241e0f4]" started-at="2022-11-21T15:53:08Z" name="deleteAllcookies" finished-at="2022-11-21T15:53:08Z" duration-ms="0" status="PASS">
          <reporter-output>
          </reporter-output>
        </test-method> <!-- deleteAllcookies -->
        <test-method is-config="true" signature="generateReport()[pri:0, instance:stepDefinition.TestNgBasics@4241e0f4]" started-at="2022-11-21T15:53:08Z" name="generateReport" finished-at="2022-11-21T15:53:08Z" duration-ms="0" status="PASS">
          <reporter-output>
          </reporter-output>
        </test-method> <!-- generateReport -->
      </class> <!-- stepDefinition.TestNgBasics -->
    </test> <!-- Default test -->
  </suite> <!-- Default suite -->
</testng-results>
